<!DOCTYPE html
	PUBLIC "-//W3C//DTD XHTML 1.0 Transitional//EN"
	 "http://www.w3.org/TR/xhtml1/DTD/xhtml1-transitional.dtd">
<html xmlns="http://www.w3.org/1999/xhtml" lang="en-US" xml:lang="en-US">
<head>
<title>System Results</title>
<meta name="ROBOTS" content="INDEX,NOFOLLOW" />
<script type="text/javascript">//<![CDATA[

  var tstp_dump;
  function openSoTSTP (dump) {   
    var tstp_url = 'https://www.tptp.org/cgi-bin/SystemOnTSTP';
    var tstp_browser = window.open(tstp_url, '_blank');
    tstp_dump = dump;
  }
  function getTSTPDump () {
    return tstp_dump;
  }

//]]></script>
<meta http-equiv="Content-Type" content="text/html; charset=iso-8859-1" />
</head>
<body>

% SZS start RequiredInformation<BR>
% Congratulations - you have become a registered power user of SystemOnTPTP, at IP address 89.186.28.23.<BR>
% Please consider donating to the TPTP project - see www.tptp.org for details.<BR>
% When you donate this message will disappear.<BR>
% If you do not donate a random delay might be added to your processing time.<BR>
% SZS end RequiredInformation<BR>
% Checking upload ...
% Checker ran ...
% No errors ...
<PRE>
% START OF SYSTEM OUTPUT
% 20 wall clock seconds gone, waiting for system output
% 30 wall clock seconds gone, waiting for system output
% 40 wall clock seconds gone, waiting for system output
% 50 wall clock seconds gone, waiting for system output
% 60 wall clock seconds gone, waiting for system output
% 70 wall clock seconds gone, waiting for system output
% 80 wall clock seconds gone, waiting for system output
% 90 wall clock seconds gone, waiting for system output
% 100 wall clock seconds gone, waiting for system output
% 110 wall clock seconds gone, waiting for system output
% 120 wall clock seconds gone, waiting for system output
% 130 wall clock seconds gone, waiting for system output
% 140 wall clock seconds gone, waiting for system output
% 150 wall clock seconds gone, waiting for system output
% 160 wall clock seconds gone, waiting for system output
% 170 wall clock seconds gone, waiting for system output
% 180 wall clock seconds gone, waiting for system output
% 190 wall clock seconds gone, waiting for system output
% 200 wall clock seconds gone, waiting for system output
% 210 wall clock seconds gone, waiting for system output
% 220 wall clock seconds gone, waiting for system output
% 230 wall clock seconds gone, waiting for system output
% 240 wall clock seconds gone, waiting for system output
% 250 wall clock seconds gone, waiting for system output
% 260 wall clock seconds gone, waiting for system output
% 270 wall clock seconds gone, waiting for system output
% 280 wall clock seconds gone, waiting for system output
% 290 wall clock seconds gone, waiting for system output
% 300 wall clock seconds gone, waiting for system output
% 310 wall clock seconds gone, waiting for system output
% 320 wall clock seconds gone, waiting for system output
% 330 wall clock seconds gone, waiting for system output
% 340 wall clock seconds gone, waiting for system output
% 350 wall clock seconds gone, waiting for system output
% 360 wall clock seconds gone, waiting for system output
% 370 wall clock seconds gone, waiting for system output
% 380 wall clock seconds gone, waiting for system output
% 390 wall clock seconds gone, waiting for system output
% 400 wall clock seconds gone, waiting for system output
% 410 wall clock seconds gone, waiting for system output
% 420 wall clock seconds gone, waiting for system output
% 430 wall clock seconds gone, waiting for system output
% 440 wall clock seconds gone, waiting for system output
% 450 wall clock seconds gone, waiting for system output
% 460 wall clock seconds gone, waiting for system output
% 470 wall clock seconds gone, waiting for system output
% 480 wall clock seconds gone, waiting for system output
% 490 wall clock seconds gone, waiting for system output
% 500 wall clock seconds gone, waiting for system output
% 510 wall clock seconds gone, waiting for system output
% 520 wall clock seconds gone, waiting for system output
% 530 wall clock seconds gone, waiting for system output
% 540 wall clock seconds gone, waiting for system output
% 550 wall clock seconds gone, waiting for system output
% 560 wall clock seconds gone, waiting for system output
% 570 wall clock seconds gone, waiting for system output
% 580 wall clock seconds gone, waiting for system output
% 590 wall clock seconds gone, waiting for system output
% 600 wall clock seconds gone, waiting for system output
% 610 wall clock seconds gone, waiting for system output
% 620 wall clock seconds gone, waiting for system output
% 630 wall clock seconds gone, waiting for system output
% 640 wall clock seconds gone, waiting for system output
% 650 wall clock seconds gone, waiting for system output
% 660 wall clock seconds gone, waiting for system output
% 670 wall clock seconds gone, waiting for system output
% 680 wall clock seconds gone, waiting for system output
% 690 wall clock seconds gone, waiting for system output
% 700 wall clock seconds gone, waiting for system output
% 710 wall clock seconds gone, waiting for system output
% 720 wall clock seconds gone, waiting for system output
% 730 wall clock seconds gone, waiting for system output
% 740 wall clock seconds gone, waiting for system output
% 750 wall clock seconds gone, waiting for system output
% 760 wall clock seconds gone, waiting for system output
% 770 wall clock seconds gone, waiting for system output
% 780 wall clock seconds gone, waiting for system output
% 790 wall clock seconds gone, waiting for system output
% 800 wall clock seconds gone, waiting for system output
% 810 wall clock seconds gone, waiting for system output
% 820 wall clock seconds gone, waiting for system output
% 830 wall clock seconds gone, waiting for system output
% 840 wall clock seconds gone, waiting for system output
% 850 wall clock seconds gone, waiting for system output
% 860 wall clock seconds gone, waiting for system output
% 870 wall clock seconds gone, waiting for system output
% 880 wall clock seconds gone, waiting for system output
% 890 wall clock seconds gone, waiting for system output
% 900 wall clock seconds gone, waiting for system output
% 910 wall clock seconds gone, waiting for system output
% 920 wall clock seconds gone, waiting for system output
% 930 wall clock seconds gone, waiting for system output
% 940 wall clock seconds gone, waiting for system output
% 950 wall clock seconds gone, waiting for system output
% 960 wall clock seconds gone, waiting for system output
% 970 wall clock seconds gone, waiting for system output
% 980 wall clock seconds gone, waiting for system output
% 990 wall clock seconds gone, waiting for system output
% 1000 wall clock seconds gone, waiting for system output
/tmp/Alt-Ergo_123739_quoll.cs.miami.edu T contradiction : Timeout (999.19s)
Alt-Ergo ended

% END OF SYSTEM OUTPUT
% RESULT: SOT_QO6qp8 - Alt-Ergo---0.95.2 says Timeout - CPU = 999 WC = 1000.52 
% OUTPUT: SOT_QO6qp8 - Alt-Ergo---0.95.2 says None - CPU = 0 WC = 0 
</PRE>
<PRE>
ERROR /home/tptp/Systems/Beagle---0.9.47/run_beagle is not executable
</PRE>
<PRE>
% START OF SYSTEM OUTPUT
*** allocated 10000 integers for termspace/termends
*** allocated 10000 integers for clauses
*** allocated 10000 integers for justifications
syntax error in line 1 of file /tmp/BLIKSEM_124025_quoll.cs.miami.edu

Memory use:

space for terms:        0
space for clauses:      0


clauses generated:      0
clauses kept:           0
clauses selected:       0
clauses deleted:        0
clauses inuse deleted:  0

subsentry:          0
literals s-matched: 0
literals matched:   0
full subsumption:   0

checksum:           0


Bliksem ended

% END OF SYSTEM OUTPUT
% RESULT: SOT_QO6qp8 - Bliksem---1.12 says Unknown - CPU = 0.00 WC = 0.61  Generated = 0 Kept = 0
% OUTPUT: SOT_QO6qp8 - Bliksem---1.12 says None - CPU = 0 WC = 0 
</PRE>
<PRE>
% START OF SYSTEM OUTPUT
%----Disproving TF0_NAR, FOF, CNF
/home/tptp/Systems/cvc5-SAT---1.0/do_SAT_NAR: Permission denied.

% END OF SYSTEM OUTPUT
% RESULT: SOT_QO6qp8 - cvc5-SAT---1.0 says Unknown - CPU = 0.00 WC = 0.06 
% OUTPUT: SOT_QO6qp8 - cvc5-SAT---1.0 says None - CPU = 0 WC = 0 
</PRE>
<PRE>
% 1010 wall clock seconds gone, waiting for system output
% START OF SYSTEM OUTPUT
Defaulting to tptp format.
% 1030 wall clock seconds gone, waiting for system output
% 1040 wall clock seconds gone, waiting for system output
% 1050 wall clock seconds gone, waiting for system output
% 1060 wall clock seconds gone, waiting for system output
% 1070 wall clock seconds gone, waiting for system output
% 1080 wall clock seconds gone, waiting for system output
% 1090 wall clock seconds gone, waiting for system output
% 1100 wall clock seconds gone, waiting for system output
% 1110 wall clock seconds gone, waiting for system output
% 1120 wall clock seconds gone, waiting for system output
% 1130 wall clock seconds gone, waiting for system output
% 1140 wall clock seconds gone, waiting for system output
% 1150 wall clock seconds gone, waiting for system output
% 1160 wall clock seconds gone, waiting for system output
% 1170 wall clock seconds gone, waiting for system output
% 1180 wall clock seconds gone, waiting for system output
% 1190 wall clock seconds gone, waiting for system output
% 1200 wall clock seconds gone, waiting for system output
% 1210 wall clock seconds gone, waiting for system output
% 1220 wall clock seconds gone, waiting for system output
% 1230 wall clock seconds gone, waiting for system output
% 1240 wall clock seconds gone, waiting for system output
% 1250 wall clock seconds gone, waiting for system output
% 1260 wall clock seconds gone, waiting for system output
% 1270 wall clock seconds gone, waiting for system output
% 1280 wall clock seconds gone, waiting for system output
% 1290 wall clock seconds gone, waiting for system output
% 1300 wall clock seconds gone, waiting for system output
% 1310 wall clock seconds gone, waiting for system output
% 1320 wall clock seconds gone, waiting for system output
% 1330 wall clock seconds gone, waiting for system output
% 1340 wall clock seconds gone, waiting for system output
% 1350 wall clock seconds gone, waiting for system output
% 1360 wall clock seconds gone, waiting for system output
% 1370 wall clock seconds gone, waiting for system output
% 1380 wall clock seconds gone, waiting for system output
% 1390 wall clock seconds gone, waiting for system output
% 1400 wall clock seconds gone, waiting for system output
% 1410 wall clock seconds gone, waiting for system output
% 1420 wall clock seconds gone, waiting for system output
% 1430 wall clock seconds gone, waiting for system output
% 1440 wall clock seconds gone, waiting for system output
% 1450 wall clock seconds gone, waiting for system output
% 1460 wall clock seconds gone, waiting for system output
% 1470 wall clock seconds gone, waiting for system output
% 1480 wall clock seconds gone, waiting for system output
% 1490 wall clock seconds gone, waiting for system output
% 1500 wall clock seconds gone, waiting for system output
% 1510 wall clock seconds gone, waiting for system output
% 1520 wall clock seconds gone, waiting for system output
% 1530 wall clock seconds gone, waiting for system output
% 1540 wall clock seconds gone, waiting for system output
% 1550 wall clock seconds gone, waiting for system output
% 1560 wall clock seconds gone, waiting for system output
% 1570 wall clock seconds gone, waiting for system output
% 1580 wall clock seconds gone, waiting for system output
% 1590 wall clock seconds gone, waiting for system output
% 1600 wall clock seconds gone, waiting for system output
% 1610 wall clock seconds gone, waiting for system output
% 1620 wall clock seconds gone, waiting for system output
% 1630 wall clock seconds gone, waiting for system output
% 1640 wall clock seconds gone, waiting for system output
% 1650 wall clock seconds gone, waiting for system output
% 1660 wall clock seconds gone, waiting for system output
% 1670 wall clock seconds gone, waiting for system output
% 1680 wall clock seconds gone, waiting for system output
% 1690 wall clock seconds gone, waiting for system output
% 1700 wall clock seconds gone, waiting for system output
% 1710 wall clock seconds gone, waiting for system output
% 1720 wall clock seconds gone, waiting for system output
% 1730 wall clock seconds gone, waiting for system output
% 1740 wall clock seconds gone, waiting for system output
% 1750 wall clock seconds gone, waiting for system output
% 1760 wall clock seconds gone, waiting for system output
% 1770 wall clock seconds gone, waiting for system output
% 1780 wall clock seconds gone, waiting for system output
% 1790 wall clock seconds gone, waiting for system output
% 1800 wall clock seconds gone, waiting for system output
% 1810 wall clock seconds gone, waiting for system output
% 1820 wall clock seconds gone, waiting for system output
% 1830 wall clock seconds gone, waiting for system output
% 1840 wall clock seconds gone, waiting for system output
% 1850 wall clock seconds gone, waiting for system output
% 1860 wall clock seconds gone, waiting for system output
% 1870 wall clock seconds gone, waiting for system output
% 1880 wall clock seconds gone, waiting for system output
% 1890 wall clock seconds gone, waiting for system output
% 1900 wall clock seconds gone, waiting for system output
% 1910 wall clock seconds gone, waiting for system output
% 1920 wall clock seconds gone, waiting for system output
% 1930 wall clock seconds gone, waiting for system output
% 1940 wall clock seconds gone, waiting for system output
% 1950 wall clock seconds gone, waiting for system output
% 1960 wall clock seconds gone, waiting for system output
% 1970 wall clock seconds gone, waiting for system output
% 1980 wall clock seconds gone, waiting for system output
% 1990 wall clock seconds gone, waiting for system output
% 2000 wall clock seconds gone, waiting for system output
% 2010 wall clock seconds gone, waiting for system output

SZS status Timeout
SZS status User for /tmp/pcPpbAdUg8/SOT_QO6qp8

% END OF SYSTEM OUTPUT
% RESULT: SOT_QO6qp8 - Darwin---1.4.5 says Timeout - CPU = 999.75 WC = 1001.96 
% OUTPUT: SOT_QO6qp8 - Darwin---1.4.5 says None - CPU = 0 WC = 0 
</PRE>
<PRE>
% START OF SYSTEM OUTPUT
% Drodi V3.3.0
% 2030 wall clock seconds gone, waiting for system output
% SZS status Timeout for SOT_QO6qp8: Process timeout. CPU time limit exceeded (SIGXCPU)

% END OF SYSTEM OUTPUT
% RESULT: SOT_QO6qp8 - Drodi---3.3 says Timeout - CPU = 1072.49 WC = 23.78 
% OUTPUT: SOT_QO6qp8 - Drodi---3.3 says None - CPU = 0 WC = 0 
</PRE>
<PRE>
% START OF SYSTEM OUTPUT
Running first-order theorem proving
Running: /home/tptp/Systems/E---2.6.X/eprover --delete-bad-limit=2000000000 --definitional-cnf=24 -s --print-statistics -R --print-version --free-numbers --proof-object --auto-schedule --cpu-limit=999 /tmp/pcPpbAdUg8/SOT_QO6qp8
# Version: 2.6dev006
% 2050 wall clock seconds gone, waiting for system output
% 2060 wall clock seconds gone, waiting for system output
% 2070 wall clock seconds gone, waiting for system output
% 2080 wall clock seconds gone, waiting for system output
% 2090 wall clock seconds gone, waiting for system output
% 2100 wall clock seconds gone, waiting for system output
% 2110 wall clock seconds gone, waiting for system output
% 2120 wall clock seconds gone, waiting for system output
% 2130 wall clock seconds gone, waiting for system output
% 2140 wall clock seconds gone, waiting for system output
% 2150 wall clock seconds gone, waiting for system output
% 2160 wall clock seconds gone, waiting for system output
% 2170 wall clock seconds gone, waiting for system output
% 2180 wall clock seconds gone, waiting for system output
% 2190 wall clock seconds gone, waiting for system output
% 2200 wall clock seconds gone, waiting for system output
% 2210 wall clock seconds gone, waiting for system output
% 2220 wall clock seconds gone, waiting for system output
% 2230 wall clock seconds gone, waiting for system output
% 2240 wall clock seconds gone, waiting for system output
% 2250 wall clock seconds gone, waiting for system output
% 2260 wall clock seconds gone, waiting for system output
% 2270 wall clock seconds gone, waiting for system output
% 2280 wall clock seconds gone, waiting for system output
% 2290 wall clock seconds gone, waiting for system output
% 2300 wall clock seconds gone, waiting for system output
% 2310 wall clock seconds gone, waiting for system output
% 2320 wall clock seconds gone, waiting for system output
% 2330 wall clock seconds gone, waiting for system output
% 2340 wall clock seconds gone, waiting for system output
% 2350 wall clock seconds gone, waiting for system output
% 2360 wall clock seconds gone, waiting for system output
% 2370 wall clock seconds gone, waiting for system output
% 2380 wall clock seconds gone, waiting for system output
% 2390 wall clock seconds gone, waiting for system output
% 2400 wall clock seconds gone, waiting for system output
% 2410 wall clock seconds gone, waiting for system output
% 2420 wall clock seconds gone, waiting for system output
% 2430 wall clock seconds gone, waiting for system output
% 2440 wall clock seconds gone, waiting for system output
% 2450 wall clock seconds gone, waiting for system output
% 2460 wall clock seconds gone, waiting for system output
% 2470 wall clock seconds gone, waiting for system output
% 2480 wall clock seconds gone, waiting for system output
% 2490 wall clock seconds gone, waiting for system output
% 2500 wall clock seconds gone, waiting for system output
% 2510 wall clock seconds gone, waiting for system output
% 2520 wall clock seconds gone, waiting for system output
% 2530 wall clock seconds gone, waiting for system output
# No SInE strategy applied
# AutoSched0 assigned 499 seconds (0.500000)
# AutoSched1 assigned 219 seconds (0.219439)
# AutoSched2 assigned 73 seconds (0.073146)
# AutoSched3 assigned 60 seconds (0.060120)
# AutoSched4 assigned 43 seconds (0.043086)
# AutoSched5 assigned 36 seconds (0.036072)
# AutoSched6 assigned 16 seconds (0.016032)
# AutoSched7 assigned 17 seconds (0.017034)
# AutoSched8 assigned 17 seconds (0.017034)
# AutoSched9 assigned 17 seconds (0.017034)
# Scheduled 10 strats onto 1 cores with 998 seconds (997)
# Starting AutoSched0 with 499s
# AutoSched0 with pid 125727 completed with status 7
# Schedule exhausted
# SZS status GaveUp

# -------------------------------------------------
# User time                : 491.081 s
# System time              : 7.106 s
# Total time               : 498.188 s
# Maximum resident set size: 2976 pages

% END OF SYSTEM OUTPUT
% RESULT: SOT_QO6qp8 - E---2.6.X says GaveUp - CPU = 497.31 WC = 499.20 
% OUTPUT: SOT_QO6qp8 - E---2.6.X says None - CPU = 497.31 WC = 499.20 
</PRE>
<PRE>
% 2540 wall clock seconds gone, waiting for system output
% START OF SYSTEM OUTPUT
E-Darwin 1.5 2012/06/20 (based on Darwin 1.3)


Defaulting to tptp format.
Parsing /tmp/pcPpbAdUg8/SOT_QO6qp8 ...
Parse error at line 2 column 14:
universal

% SZS status SyntaxError for /tmp/pcPpbAdUg8/SOT_QO6qp8

% END OF SYSTEM OUTPUT
% RESULT: SOT_QO6qp8 - E-Darwin---1.5 says Unknown - CPU = 0.00 WC = 0.01 
% OUTPUT: SOT_QO6qp8 - E-Darwin---1.5 says None - CPU = 0 WC = 0 
</PRE>
<PRE>
% START OF SYSTEM OUTPUT
Running first-order model finding
Running: /home/tptp/Systems/E-SAT---2.6.X/eprover --delete-bad-limit=2000000000 --definitional-cnf=24 -s --print-statistics -R --print-version --free-numbers --proof-object --satauto-schedule --cpu-limit=999 /tmp/pcPpbAdUg8/SOT_QO6qp8
# Version: 2.6dev006
% 2560 wall clock seconds gone, waiting for system output
% 2570 wall clock seconds gone, waiting for system output
% 2580 wall clock seconds gone, waiting for system output
% 2590 wall clock seconds gone, waiting for system output
% 2600 wall clock seconds gone, waiting for system output
% 2610 wall clock seconds gone, waiting for system output
% 2620 wall clock seconds gone, waiting for system output
% 2630 wall clock seconds gone, waiting for system output
% 2640 wall clock seconds gone, waiting for system output
% 2650 wall clock seconds gone, waiting for system output
% 2660 wall clock seconds gone, waiting for system output
% 2670 wall clock seconds gone, waiting for system output
% 2680 wall clock seconds gone, waiting for system output
% 2690 wall clock seconds gone, waiting for system output
% 2700 wall clock seconds gone, waiting for system output
% 2710 wall clock seconds gone, waiting for system output
% 2720 wall clock seconds gone, waiting for system output
% 2730 wall clock seconds gone, waiting for system output
% 2740 wall clock seconds gone, waiting for system output
% 2750 wall clock seconds gone, waiting for system output
% 2760 wall clock seconds gone, waiting for system output
% 2770 wall clock seconds gone, waiting for system output
% 2780 wall clock seconds gone, waiting for system output
% 2790 wall clock seconds gone, waiting for system output
% 2800 wall clock seconds gone, waiting for system output
% 2810 wall clock seconds gone, waiting for system output
% 2820 wall clock seconds gone, waiting for system output
% 2830 wall clock seconds gone, waiting for system output
% 2840 wall clock seconds gone, waiting for system output
% 2850 wall clock seconds gone, waiting for system output
% 2860 wall clock seconds gone, waiting for system output
% 2870 wall clock seconds gone, waiting for system output
% 2880 wall clock seconds gone, waiting for system output
% 2890 wall clock seconds gone, waiting for system output
% 2900 wall clock seconds gone, waiting for system output
% 2910 wall clock seconds gone, waiting for system output
% 2920 wall clock seconds gone, waiting for system output
% 2930 wall clock seconds gone, waiting for system output
% 2940 wall clock seconds gone, waiting for system output
% 2950 wall clock seconds gone, waiting for system output
% 2960 wall clock seconds gone, waiting for system output
% 2970 wall clock seconds gone, waiting for system output
% 2980 wall clock seconds gone, waiting for system output
% 2990 wall clock seconds gone, waiting for system output
% 3000 wall clock seconds gone, waiting for system output
% 3010 wall clock seconds gone, waiting for system output
% 3020 wall clock seconds gone, waiting for system output
% 3030 wall clock seconds gone, waiting for system output
% 3040 wall clock seconds gone, waiting for system output
# AutoSched0 assigned 499 seconds (0.500000)
# AutoSched1 assigned 219 seconds (0.219439)
# AutoSched2 assigned 73 seconds (0.073146)
# AutoSched3 assigned 60 seconds (0.060120)
# AutoSched4 assigned 43 seconds (0.043086)
# AutoSched5 assigned 36 seconds (0.036072)
# AutoSched6 assigned 16 seconds (0.016032)
# AutoSched7 assigned 17 seconds (0.017034)
# AutoSched8 assigned 17 seconds (0.017034)
# AutoSched9 assigned 17 seconds (0.017034)
# Scheduled 10 strats onto 1 cores with 998 seconds (997)
# Starting AutoSched0 with 499s
# AutoSched0 with pid 125912 completed with status 7
# Schedule exhausted
# SZS status GaveUp

# -------------------------------------------------
# User time                : 492.969 s
# System time              : 5.101 s
# Total time               : 498.070 s
# Maximum resident set size: 2976 pages

% END OF SYSTEM OUTPUT
% RESULT: SOT_QO6qp8 - E-SAT---2.6.X says GaveUp - CPU = 498.05 WC = 499.19 
% OUTPUT: SOT_QO6qp8 - E-SAT---2.6.X says None - CPU = 498.05 WC = 499.19 
</PRE>
<PRE>
% START OF SYSTEM OUTPUT

 Line 15: parse error, unexpected DFG_CLAUSE, expecting DFG_ENDLIST or DFG_FORMULA

% END OF SYSTEM OUTPUT
% RESULT: SOT_QO6qp8 - Fampire---1.3 says Unknown - CPU = 0.00 WC = 0.38 
% OUTPUT: SOT_QO6qp8 - Fampire---1.3 says None - CPU = 0 WC = 0 
</PRE>
<PRE>
% START OF SYSTEM OUTPUT
% iclingo		: /home/tptp/Systems/FIMO---0.3/bin/iclingo-3.0.80
% iclingo-opts		: --heuristic=Vsids --iheuristic=keep

Traceback (most recent call last):
  File "/home/tptp/Systems/FIMO---0.3/bin/transform.py", line 2260, in &lt;module&gt;
    main()
  File "/home/tptp/Systems/FIMO---0.3/bin/transform.py", line 2217, in main
    parseFormulaXML(elem,dict())
  File "/home/tptp/Systems/FIMO---0.3/bin/transform.py", line 137, in parseFormulaXML
    parseFormulaXML(e,name2var)
  File "/home/tptp/Systems/FIMO---0.3/bin/transform.py", line 171, in parseFormulaXML
    parseFormulaXML(e,name2var)
  File "/home/tptp/Systems/FIMO---0.3/bin/transform.py", line 171, in parseFormulaXML
    parseFormulaXML(e,name2var)
  File "/home/tptp/Systems/FIMO---0.3/bin/transform.py", line 160, in parseFormulaXML
    outputLiteral(lit)
  File "/home/tptp/Systems/FIMO---0.3/bin/transform.py", line 1173, in outputLiteral
    output.write(', ')
IOError: [Errno 32] Broken pipe

% END OF SYSTEM OUTPUT
% RESULT: SOT_QO6qp8 - FIMO---0.3 says Unknown - CPU = 0.00 WC = 0.94 
% OUTPUT: SOT_QO6qp8 - FIMO---0.3 says None - CPU = 0 WC = 0 
</PRE>
<PRE>
% 3050 wall clock seconds gone, waiting for system output
% START OF SYSTEM OUTPUT
ILTP files not installed.  Skipping tests.
TPTP files not installed.  Skipping tests.
TPTP files not installed.  Skipping tests.
Using propositional prover...
Formula is false intuitionistically.  Trying double negation translation.
% SZS status Satisfiable for /tmp/SystemOnTPTP127111//SOT_QO6qp8+noeq.tptp

The database is saturated.  The formula is false!

% END OF SYSTEM OUTPUT
% RESULT: SOT_QO6qp8 - Imogen---2.0 says Satisfiable - CPU = 0.00 WC = 0.02 
% OUTPUT: SOT_QO6qp8 - Imogen---2.0 says Assurance - CPU = 0.00 WC = 0.02 
</PRE>
<PRE>
% START OF SYSTEM OUTPUT
% 3070 wall clock seconds gone, waiting for system output
% 3080 wall clock seconds gone, waiting for system output
% 3090 wall clock seconds gone, waiting for system output
% 3100 wall clock seconds gone, waiting for system output
% 3110 wall clock seconds gone, waiting for system output
% 3120 wall clock seconds gone, waiting for system output
% 3130 wall clock seconds gone, waiting for system output
% 3140 wall clock seconds gone, waiting for system output
% 3150 wall clock seconds gone, waiting for system output
% 3160 wall clock seconds gone, waiting for system output
% 3170 wall clock seconds gone, waiting for system output
% 3180 wall clock seconds gone, waiting for system output
Cputime limit exceeded

% END OF SYSTEM OUTPUT
% RESULT: SOT_QO6qp8 - iProver-SAT---3.5 says Timeout - CPU = 1009.45 WC = 126.75 
% OUTPUT: SOT_QO6qp8 - iProver-SAT---3.5 says None - CPU = 0 WC = 0 
</PRE>
<PRE>
% START OF SYSTEM OUTPUT
Building HOL-TPTP ...
% 3200 wall clock seconds gone, waiting for system output
Finished HOL-TPTP (0:00:18 elapsed time, 0:00:35 cpu time, factor 1.90)
0:00:23 elapsed time, 0:00:35 cpu time, factor 1.50
% 3220 wall clock seconds gone, waiting for system output
% 3230 wall clock seconds gone, waiting for system output
% 3240 wall clock seconds gone, waiting for system output
% 3250 wall clock seconds gone, waiting for system output
% 3260 wall clock seconds gone, waiting for system output
% 3270 wall clock seconds gone, waiting for system output
% 3280 wall clock seconds gone, waiting for system output
% 3290 wall clock seconds gone, waiting for system output
% 3300 wall clock seconds gone, waiting for system output
% 3310 wall clock seconds gone, waiting for system output
% 3320 wall clock seconds gone, waiting for system output
% 3330 wall clock seconds gone, waiting for system output
% 3340 wall clock seconds gone, waiting for system output
% 3350 wall clock seconds gone, waiting for system output
% 3360 wall clock seconds gone, waiting for system output
% 3370 wall clock seconds gone, waiting for system output
% 3380 wall clock seconds gone, waiting for system output
% 3390 wall clock seconds gone, waiting for system output
% 3400 wall clock seconds gone, waiting for system output
% 3410 wall clock seconds gone, waiting for system output
% 3420 wall clock seconds gone, waiting for system output
% 3430 wall clock seconds gone, waiting for system output
% 3440 wall clock seconds gone, waiting for system output
% 3450 wall clock seconds gone, waiting for system output
% 3460 wall clock seconds gone, waiting for system output
% 3470 wall clock seconds gone, waiting for system output
% 3480 wall clock seconds gone, waiting for system output
% 3490 wall clock seconds gone, waiting for system output
% 3500 wall clock seconds gone, waiting for system output
% 3510 wall clock seconds gone, waiting for system output
% 3520 wall clock seconds gone, waiting for system output
% 3530 wall clock seconds gone, waiting for system output
% 3540 wall clock seconds gone, waiting for system output
% 3550 wall clock seconds gone, waiting for system output
% 3560 wall clock seconds gone, waiting for system output
% 3570 wall clock seconds gone, waiting for system output
% 3580 wall clock seconds gone, waiting for system output
% 3590 wall clock seconds gone, waiting for system output
% 3600 wall clock seconds gone, waiting for system output
% 3610 wall clock seconds gone, waiting for system output
% 3620 wall clock seconds gone, waiting for system output
% 3630 wall clock seconds gone, waiting for system output
% 3640 wall clock seconds gone, waiting for system output
% 3650 wall clock seconds gone, waiting for system output
% 3660 wall clock seconds gone, waiting for system output
% 3670 wall clock seconds gone, waiting for system output
% 3680 wall clock seconds gone, waiting for system output
% 3690 wall clock seconds gone, waiting for system output
% 3700 wall clock seconds gone, waiting for system output
% 3710 wall clock seconds gone, waiting for system output
running nitpick for 24 s
FAILURE: nitpick
running simp for 49 s
FAILURE: simp
running blast for 49 s
FAILURE: blast
running auto+spass for 99 s
FAILURE: auto+spass
running fast for 49 s
FAILURE: fast
running z3 for 24 s
FAILURE: z3
running cvc4 for 24 s
FAILURE: cvc4
running best for 24 s
FAILURE: best
running force for 49 s
FAILURE: force
running meson for 49 s
FAILURE: meson
running fastforce for 49 s
FAILURE: fastforce
running spass for 83 s
FAILURE: spass
running vampire for 83 s
FAILURE: vampire
running e for 83 s
FAILURE: e
running z3_tptp for 83 s
FAILURE: z3_tptp
running e(2) for 41 s
FAILURE: e(2)
running vampire(1) for 41 s
FAILURE: vampire(1)
running vampire(2) for 41 s
FAILURE: vampire(2)
running vampire(*) for 999 s
FAILURE: vampire(*)
% SZS status GaveUp

% END OF SYSTEM OUTPUT
% RESULT: SOT_QO6qp8 - Isabelle---2016 says Unknown - CPU = 599.53 WC = 537.09 
% OUTPUT: SOT_QO6qp8 - Isabelle---2016 says None - CPU = 0 WC = 0 
</PRE>
<PRE>
% START OF SYSTEM OUTPUT
ERROR: /tmp/JGRM3_128421/SOURCE.p:1:
ERROR:    -g xyz2fof('/tmp/JGRM3_128421/SOURCE.p',fof,truth_evaluation,designated),halt: false
% Trying with vampire for 799s
% lrs+10_1_av=off:bd=off:ins=3:lwlo=on:nwc=3:stl=30_64 on FOF
Satisfiable!
% SZS status CounterSatisfiable for FOF
% # SZS output start Saturation.
% # SZS output end Saturation.
% ------------------------------
% Version: Vampire 4.2.2 (commit 552c234 on 2018-07-02 14:53:33 +0100)
% Termination reason: Satisfiable

% Memory used [KB]: 511
% Time elapsed: 0.002 s
% ------------------------------
% ------------------------------
% Success in time 0.065 s

% END OF SYSTEM OUTPUT
% RESULT: SOT_QO6qp8 - JGXYZ---FOF-0.2 says Satisfiable - CPU = 0.00 WC = 0.34 
% OUTPUT: SOT_QO6qp8 - JGXYZ---FOF-0.2 says Assurance - CPU = 0.00 WC = 0.34 
</PRE>
<PRE>
% START OF SYSTEM OUTPUT
% 3740 wall clock seconds gone, waiting for system output
% 3750 wall clock seconds gone, waiting for system output
% 3760 wall clock seconds gone, waiting for system output
% 3770 wall clock seconds gone, waiting for system output
% 3780 wall clock seconds gone, waiting for system output
% 3790 wall clock seconds gone, waiting for system output
% 3800 wall clock seconds gone, waiting for system output
% 3810 wall clock seconds gone, waiting for system output
% 3820 wall clock seconds gone, waiting for system output
% 3830 wall clock seconds gone, waiting for system output
% 3840 wall clock seconds gone, waiting for system output
% 3850 wall clock seconds gone, waiting for system output
% 3860 wall clock seconds gone, waiting for system output
% 3870 wall clock seconds gone, waiting for system output
% 3880 wall clock seconds gone, waiting for system output
% 3890 wall clock seconds gone, waiting for system output
% 3900 wall clock seconds gone, waiting for system output

% END OF SYSTEM OUTPUT
% RESULT: SOT_QO6qp8 - lazyCoP---0.1 says Timeout - CPU = 1012.46 WC = 174.74 
% OUTPUT: SOT_QO6qp8 - lazyCoP---0.1 says None - CPU = 0 WC = 0 
</PRE>
<PRE>
% START OF SYSTEM OUTPUT
/home/tptp/Systems/leanCoP---2.2/leancop.sh: line 53: TMP_OUTPUT_leancop_2022-05-30_04:59:02_018812686: Permission denied
grep: TMP_OUTPUT_leancop_2022-05-30_04:59:02_018812686: No such file or directory
grep: TMP_OUTPUT_leancop_2022-05-30_04:59:02_018812686: No such file or directory
rm: cannot remove 'TMP_OUTPUT_leancop_2022-05-30_04:59:02_018812686': No such file or directory
/home/tptp/Systems/leanCoP---2.2/leancop.sh: line 53: TMP_OUTPUT_leancop_2022-05-30_04:59:02_018812686: Permission denied
grep: TMP_OUTPUT_leancop_2022-05-30_04:59:02_018812686: No such file or directory
grep: TMP_OUTPUT_leancop_2022-05-30_04:59:02_018812686: No such file or directory
rm: cannot remove 'TMP_OUTPUT_leancop_2022-05-30_04:59:02_018812686': No such file or directory
/home/tptp/Systems/leanCoP---2.2/leancop.sh: line 53: TMP_OUTPUT_leancop_2022-05-30_04:59:02_018812686: Permission denied
grep: TMP_OUTPUT_leancop_2022-05-30_04:59:02_018812686: No such file or directory
grep: TMP_OUTPUT_leancop_2022-05-30_04:59:02_018812686: No such file or directory
rm: cannot remove 'TMP_OUTPUT_leancop_2022-05-30_04:59:02_018812686': No such file or directory
/home/tptp/Systems/leanCoP---2.2/leancop.sh: line 53: TMP_OUTPUT_leancop_2022-05-30_04:59:02_018812686: Permission denied
grep: TMP_OUTPUT_leancop_2022-05-30_04:59:02_018812686: No such file or directory
grep: TMP_OUTPUT_leancop_2022-05-30_04:59:02_018812686: No such file or directory
rm: cannot remove 'TMP_OUTPUT_leancop_2022-05-30_04:59:02_018812686': No such file or directory
/home/tptp/Systems/leanCoP---2.2/leancop.sh: line 53: TMP_OUTPUT_leancop_2022-05-30_04:59:02_018812686: Permission denied
grep: TMP_OUTPUT_leancop_2022-05-30_04:59:02_018812686: No such file or directory
grep: TMP_OUTPUT_leancop_2022-05-30_04:59:02_018812686: No such file or directory
rm: cannot remove 'TMP_OUTPUT_leancop_2022-05-30_04:59:02_018812686': No such file or directory
/home/tptp/Systems/leanCoP---2.2/leancop.sh: line 53: TMP_OUTPUT_leancop_2022-05-30_04:59:02_018812686: Permission denied
grep: TMP_OUTPUT_leancop_2022-05-30_04:59:02_018812686: No such file or directory
grep: TMP_OUTPUT_leancop_2022-05-30_04:59:02_018812686: No such file or directory
rm: cannot remove 'TMP_OUTPUT_leancop_2022-05-30_04:59:02_018812686': No such file or directory
/home/tptp/Systems/leanCoP---2.2/leancop.sh: line 53: TMP_OUTPUT_leancop_2022-05-30_04:59:02_018812686: Permission denied
grep: TMP_OUTPUT_leancop_2022-05-30_04:59:02_018812686: No such file or directory
grep: TMP_OUTPUT_leancop_2022-05-30_04:59:02_018812686: No such file or directory
rm: cannot remove 'TMP_OUTPUT_leancop_2022-05-30_04:59:02_018812686': No such file or directory
/home/tptp/Systems/leanCoP---2.2/leancop.sh: line 53: TMP_OUTPUT_leancop_2022-05-30_04:59:02_018812686: Permission denied
grep: TMP_OUTPUT_leancop_2022-05-30_04:59:02_018812686: No such file or directory
grep: TMP_OUTPUT_leancop_2022-05-30_04:59:02_018812686: No such file or directory
rm: cannot remove 'TMP_OUTPUT_leancop_2022-05-30_04:59:02_018812686': No such file or directory
/home/tptp/Systems/leanCoP---2.2/leancop.sh: line 53: TMP_OUTPUT_leancop_2022-05-30_04:59:02_018812686: Permission denied
grep: TMP_OUTPUT_leancop_2022-05-30_04:59:02_018812686: No such file or directory
grep: TMP_OUTPUT_leancop_2022-05-30_04:59:02_018812686: No such file or directory
rm: cannot remove 'TMP_OUTPUT_leancop_2022-05-30_04:59:02_018812686': No such file or directory
/home/tptp/Systems/leanCoP---2.2/leancop.sh: line 53: TMP_OUTPUT_leancop_2022-05-30_04:59:02_018812686: Permission denied
grep: TMP_OUTPUT_leancop_2022-05-30_04:59:02_018812686: No such file or directory
grep: TMP_OUTPUT_leancop_2022-05-30_04:59:02_018812686: No such file or directory
rm: cannot remove 'TMP_OUTPUT_leancop_2022-05-30_04:59:02_018812686': No such file or directory
/home/tptp/Systems/leanCoP---2.2/leancop.sh: line 53: TMP_OUTPUT_leancop_2022-05-30_04:59:02_018812686: Permission denied
grep: TMP_OUTPUT_leancop_2022-05-30_04:59:02_018812686: No such file or directory
grep: TMP_OUTPUT_leancop_2022-05-30_04:59:02_018812686: No such file or directory
rm: cannot remove 'TMP_OUTPUT_leancop_2022-05-30_04:59:02_018812686': No such file or directory
/home/tptp/Systems/leanCoP---2.2/leancop.sh: line 53: TMP_OUTPUT_leancop_2022-05-30_04:59:02_018812686: Permission denied
grep: TMP_OUTPUT_leancop_2022-05-30_04:59:02_018812686: No such file or directory
grep: TMP_OUTPUT_leancop_2022-05-30_04:59:02_018812686: No such file or directory
rm: cannot remove 'TMP_OUTPUT_leancop_2022-05-30_04:59:02_018812686': No such file or directory
/home/tptp/Systems/leanCoP---2.2/leancop.sh: line 53: TMP_OUTPUT_leancop_2022-05-30_04:59:02_018812686: Permission denied
grep: TMP_OUTPUT_leancop_2022-05-30_04:59:02_018812686: No such file or directory
grep: TMP_OUTPUT_leancop_2022-05-30_04:59:02_018812686: No such file or directory
rm: cannot remove 'TMP_OUTPUT_leancop_2022-05-30_04:59:02_018812686': No such file or directory
/home/tptp/Systems/leanCoP---2.2/leancop.sh: line 53: TMP_OUTPUT_leancop_2022-05-30_04:59:02_018812686: Permission denied
grep: TMP_OUTPUT_leancop_2022-05-30_04:59:02_018812686: No such file or directory
grep: TMP_OUTPUT_leancop_2022-05-30_04:59:02_018812686: No such file or directory
rm: cannot remove 'TMP_OUTPUT_leancop_2022-05-30_04:59:02_018812686': No such file or directory
/home/tptp/Systems/leanCoP---2.2/leancop.sh: line 53: TMP_OUTPUT_leancop_2022-05-30_04:59:02_018812686: Permission denied
grep: TMP_OUTPUT_leancop_2022-05-30_04:59:02_018812686: No such file or directory
grep: TMP_OUTPUT_leancop_2022-05-30_04:59:02_018812686: No such file or directory
rm: cannot remove 'TMP_OUTPUT_leancop_2022-05-30_04:59:02_018812686': No such file or directory
/home/tptp/Systems/leanCoP---2.2/leancop.sh: line 53: TMP_OUTPUT_leancop_2022-05-30_04:59:02_018812686: Permission denied
grep: TMP_OUTPUT_leancop_2022-05-30_04:59:02_018812686: No such file or directory
grep: TMP_OUTPUT_leancop_2022-05-30_04:59:02_018812686: No such file or directory
rm: cannot remove 'TMP_OUTPUT_leancop_2022-05-30_04:59:02_018812686': No such file or directory
/home/tptp/Systems/leanCoP---2.2/leancop.sh: line 53: TMP_OUTPUT_leancop_2022-05-30_04:59:02_018812686: Permission denied
grep: TMP_OUTPUT_leancop_2022-05-30_04:59:02_018812686: No such file or directory
grep: TMP_OUTPUT_leancop_2022-05-30_04:59:02_018812686: No such file or directory
rm: cannot remove 'TMP_OUTPUT_leancop_2022-05-30_04:59:02_018812686': No such file or directory
/home/tptp/Systems/leanCoP---2.2/leancop.sh: line 53: TMP_OUTPUT_leancop_2022-05-30_04:59:02_018812686: Permission denied
grep: TMP_OUTPUT_leancop_2022-05-30_04:59:02_018812686: No such file or directory
grep: TMP_OUTPUT_leancop_2022-05-30_04:59:02_018812686: No such file or directory
rm: cannot remove 'TMP_OUTPUT_leancop_2022-05-30_04:59:02_018812686': No such file or directory
/home/tptp/Systems/leanCoP---2.2/leancop.sh: line 53: TMP_OUTPUT_leancop_2022-05-30_04:59:02_018812686: Permission denied
grep: TMP_OUTPUT_leancop_2022-05-30_04:59:02_018812686: No such file or directory
grep: TMP_OUTPUT_leancop_2022-05-30_04:59:02_018812686: No such file or directory
rm: cannot remove 'TMP_OUTPUT_leancop_2022-05-30_04:59:02_018812686': No such file or directory
/home/tptp/Systems/leanCoP---2.2/leancop.sh: line 53: TMP_OUTPUT_leancop_2022-05-30_04:59:02_018812686: Permission denied
grep: TMP_OUTPUT_leancop_2022-05-30_04:59:02_018812686: No such file or directory
grep: TMP_OUTPUT_leancop_2022-05-30_04:59:02_018812686: No such file or directory
rm: cannot remove 'TMP_OUTPUT_leancop_2022-05-30_04:59:02_018812686': No such file or directory
/home/tptp/Systems/leanCoP---2.2/leancop.sh: line 53: TMP_OUTPUT_leancop_2022-05-30_04:59:02_018812686: Permission denied
grep: TMP_OUTPUT_leancop_2022-05-30_04:59:02_018812686: No such file or directory
grep: TMP_OUTPUT_leancop_2022-05-30_04:59:02_018812686: No such file or directory
rm: cannot remove 'TMP_OUTPUT_leancop_2022-05-30_04:59:02_018812686': No such file or directory
/home/tptp/Systems/leanCoP---2.2/leancop.sh: line 53: TMP_OUTPUT_leancop_2022-05-30_04:59:02_018812686: Permission denied
grep: TMP_OUTPUT_leancop_2022-05-30_04:59:02_018812686: No such file or directory
grep: TMP_OUTPUT_leancop_2022-05-30_04:59:02_018812686: No such file or directory
rm: cannot remove 'TMP_OUTPUT_leancop_2022-05-30_04:59:02_018812686': No such file or directory
/home/tptp/Systems/leanCoP---2.2/leancop.sh: line 53: TMP_OUTPUT_leancop_2022-05-30_04:59:02_018812686: Permission denied
grep: TMP_OUTPUT_leancop_2022-05-30_04:59:02_018812686: No such file or directory
grep: TMP_OUTPUT_leancop_2022-05-30_04:59:02_018812686: No such file or directory
rm: cannot remove 'TMP_OUTPUT_leancop_2022-05-30_04:59:02_018812686': No such file or directory
/home/tptp/Systems/leanCoP---2.2/leancop.sh: line 53: TMP_OUTPUT_leancop_2022-05-30_04:59:02_018812686: Permission denied
grep: TMP_OUTPUT_leancop_2022-05-30_04:59:02_018812686: No such file or directory
grep: TMP_OUTPUT_leancop_2022-05-30_04:59:02_018812686: No such file or directory
rm: cannot remove 'TMP_OUTPUT_leancop_2022-05-30_04:59:02_018812686': No such file or directory
/home/tptp/Systems/leanCoP---2.2/leancop.sh: line 53: TMP_OUTPUT_leancop_2022-05-30_04:59:02_018812686: Permission denied
grep: TMP_OUTPUT_leancop_2022-05-30_04:59:02_018812686: No such file or directory
grep: TMP_OUTPUT_leancop_2022-05-30_04:59:02_018812686: No such file or directory
rm: cannot remove 'TMP_OUTPUT_leancop_2022-05-30_04:59:02_018812686': No such file or directory
/home/tptp/Systems/leanCoP---2.2/leancop.sh: line 53: TMP_OUTPUT_leancop_2022-05-30_04:59:02_018812686: Permission denied
grep: TMP_OUTPUT_leancop_2022-05-30_04:59:02_018812686: No such file or directory
grep: TMP_OUTPUT_leancop_2022-05-30_04:59:02_018812686: No such file or directory
rm: cannot remove 'TMP_OUTPUT_leancop_2022-05-30_04:59:02_018812686': No such file or directory
/home/tptp/Systems/leanCoP---2.2/leancop.sh: line 53: TMP_OUTPUT_leancop_2022-05-30_04:59:02_018812686: Permission denied
grep: TMP_OUTPUT_leancop_2022-05-30_04:59:02_018812686: No such file or directory
grep: TMP_OUTPUT_leancop_2022-05-30_04:59:02_018812686: No such file or directory
rm: cannot remove 'TMP_OUTPUT_leancop_2022-05-30_04:59:02_018812686': No such file or directory
/home/tptp/Systems/leanCoP---2.2/leancop.sh: line 53: TMP_OUTPUT_leancop_2022-05-30_04:59:02_018812686: Permission denied
grep: TMP_OUTPUT_leancop_2022-05-30_04:59:02_018812686: No such file or directory
grep: TMP_OUTPUT_leancop_2022-05-30_04:59:02_018812686: No such file or directory
rm: cannot remove 'TMP_OUTPUT_leancop_2022-05-30_04:59:02_018812686': No such file or directory
/home/tptp/Systems/leanCoP---2.2/leancop.sh: line 53: TMP_OUTPUT_leancop_2022-05-30_04:59:02_018812686: Permission denied
grep: TMP_OUTPUT_leancop_2022-05-30_04:59:02_018812686: No such file or directory
grep: TMP_OUTPUT_leancop_2022-05-30_04:59:02_018812686: No such file or directory
rm: cannot remove 'TMP_OUTPUT_leancop_2022-05-30_04:59:02_018812686': No such file or directory
/home/tptp/Systems/leanCoP---2.2/leancop.sh: line 53: TMP_OUTPUT_leancop_2022-05-30_04:59:02_018812686: Permission denied
grep: TMP_OUTPUT_leancop_2022-05-30_04:59:02_018812686: No such file or directory
grep: TMP_OUTPUT_leancop_2022-05-30_04:59:02_018812686: No such file or directory
rm: cannot remove 'TMP_OUTPUT_leancop_2022-05-30_04:59:02_018812686': No such file or directory
Timeout

% END OF SYSTEM OUTPUT
% RESULT: SOT_QO6qp8 - leanCoP---2.2 says Unknown - CPU = 6.90 WC = 37.16 
% OUTPUT: SOT_QO6qp8 - leanCoP---2.2 says None - CPU = 0 WC = 0 
</PRE>
<PRE>
% 3940 wall clock seconds gone, waiting for system output
% RESULT: SOT_QO6qp8 - Matita---1.0 says Inappropriate - CPU = 0 WC = 0 
% OUTPUT: SOT_QO6qp8 - Matita---1.0 says None - CPU = 0 WC = 0 
</PRE>
<PRE>
% START OF SYSTEM OUTPUT
/home/tptp/Systems/nanoCoP---1.1/nanocop_casc.sh: line 18: TMP_CASC_nanocop_2022-05-30_04:59:42_530623026: Permission denied
cat: TMP_CASC_nanocop_2022-05-30_04:59:42_530623026: No such file or directory
cat: TMP_CASC_nanocop_2022-05-30_04:59:42_530623026: No such file or directory
cat: TMP_CASC_nanocop_2022-05-30_04:59:42_530623026: No such file or directory
cat: TMP_CASC_nanocop_2022-05-30_04:59:42_530623026: No such file or directory
rm: cannot remove 'TMP_CASC_nanocop_2022-05-30_04:59:42_530623026': No such file or directory

% END OF SYSTEM OUTPUT
% RESULT: SOT_QO6qp8 - nanoCoP---1.1 says Unknown - CPU = 0.00 WC = 0.09 
% OUTPUT: SOT_QO6qp8 - nanoCoP---1.1 says None - CPU = 0 WC = 0 
</PRE>
<PRE>
% START OF SYSTEM OUTPUT
Building HOL-TPTP ...
% 3970 wall clock seconds gone, waiting for system output
Finished HOL-TPTP (0:00:18 elapsed time, 0:00:34 cpu time, factor 1.83)
0:00:23 elapsed time, 0:00:34 cpu time, factor 1.45
% 3990 wall clock seconds gone, waiting for system output
% 4000 wall clock seconds gone, waiting for system output
% 4010 wall clock seconds gone, waiting for system output
% 4020 wall clock seconds gone, waiting for system output
% 4030 wall clock seconds gone, waiting for system output
% 4040 wall clock seconds gone, waiting for system output
% 4050 wall clock seconds gone, waiting for system output
% 4060 wall clock seconds gone, waiting for system output
% 4070 wall clock seconds gone, waiting for system output
% 4080 wall clock seconds gone, waiting for system output
% 4090 wall clock seconds gone, waiting for system output
% 4100 wall clock seconds gone, waiting for system output
% 4110 wall clock seconds gone, waiting for system output
% 4120 wall clock seconds gone, waiting for system output
% 4130 wall clock seconds gone, waiting for system output
% 4140 wall clock seconds gone, waiting for system output
% 4150 wall clock seconds gone, waiting for system output
% 4160 wall clock seconds gone, waiting for system output
% 4170 wall clock seconds gone, waiting for system output
% 4180 wall clock seconds gone, waiting for system output
% 4190 wall clock seconds gone, waiting for system output
% 4200 wall clock seconds gone, waiting for system output
% 4210 wall clock seconds gone, waiting for system output
% 4220 wall clock seconds gone, waiting for system output
% 4230 wall clock seconds gone, waiting for system output
% 4240 wall clock seconds gone, waiting for system output
% 4250 wall clock seconds gone, waiting for system output
% 4260 wall clock seconds gone, waiting for system output
% 4270 wall clock seconds gone, waiting for system output
% 4280 wall clock seconds gone, waiting for system output
% 4290 wall clock seconds gone, waiting for system output
% 4300 wall clock seconds gone, waiting for system output
% 4310 wall clock seconds gone, waiting for system output
% 4320 wall clock seconds gone, waiting for system output
% 4330 wall clock seconds gone, waiting for system output
% 4340 wall clock seconds gone, waiting for system output
% 4350 wall clock seconds gone, waiting for system output
% 4360 wall clock seconds gone, waiting for system output
% 4370 wall clock seconds gone, waiting for system output
% 4380 wall clock seconds gone, waiting for system output
% 4390 wall clock seconds gone, waiting for system output
% 4400 wall clock seconds gone, waiting for system output
% 4410 wall clock seconds gone, waiting for system output
% 4420 wall clock seconds gone, waiting for system output
% 4430 wall clock seconds gone, waiting for system output
% 4440 wall clock seconds gone, waiting for system output
% 4450 wall clock seconds gone, waiting for system output
% 4460 wall clock seconds gone, waiting for system output
% 4470 wall clock seconds gone, waiting for system output
% 4480 wall clock seconds gone, waiting for system output
% 4490 wall clock seconds gone, waiting for system output
% 4500 wall clock seconds gone, waiting for system output
% 4510 wall clock seconds gone, waiting for system output
% 4520 wall clock seconds gone, waiting for system output
% 4530 wall clock seconds gone, waiting for system output
% 4540 wall clock seconds gone, waiting for system output
% 4550 wall clock seconds gone, waiting for system output
% 4560 wall clock seconds gone, waiting for system output
% 4570 wall clock seconds gone, waiting for system output
% 4580 wall clock seconds gone, waiting for system output
% 4590 wall clock seconds gone, waiting for system output
% 4600 wall clock seconds gone, waiting for system output
% 4610 wall clock seconds gone, waiting for system output
% 4620 wall clock seconds gone, waiting for system output
% 4630 wall clock seconds gone, waiting for system output
% 4640 wall clock seconds gone, waiting for system output
% 4650 wall clock seconds gone, waiting for system output
% 4660 wall clock seconds gone, waiting for system output
% 4670 wall clock seconds gone, waiting for system output
% 4680 wall clock seconds gone, waiting for system output

% END OF SYSTEM OUTPUT
% RESULT: SOT_QO6qp8 - Nitpick---2016 says Timeout - CPU = 1006.16 WC = 738.34 
% OUTPUT: SOT_QO6qp8 - Nitpick---2016 says None - CPU = 0 WC = 0 
</PRE>
<PRE>
% START OF SYSTEM OUTPUT
Paradox, version 4.0, 2010-06-29.
+++ PROBLEM: /tmp/SystemOnTPTP129618/SOT_QO6qp8.tptp:short
Reading '/tmp/SystemOnTPTP129618/SOT_QO6qp8.tptp:short' ... OK
+++ SOLVING: /tmp/SystemOnTPTP129618/SOT_QO6qp8.tptp:short
+++ RESULT: GaveUp
SZS status GaveUp for /tmp/SystemOnTPTP129618/SOT_QO6qp8.tptp:short

% END OF SYSTEM OUTPUT
% RESULT: SOT_QO6qp8 - Paradox---4.0 says GaveUp - CPU = 0.00 WC = 0.40 
% OUTPUT: SOT_QO6qp8 - Paradox---4.0 says None - CPU = 0.00 WC = 0.40 
</PRE>
<PRE>
% START OF SYSTEM OUTPUT
________       _____
___  __ \_________(_)________________________________
__  /_/ /_  ___/_  /__  __ \  ___/  _ \_  ___/_  ___/
_  ____/_  /   _  / _  / / / /__ /  __/(__  )_(__  )
/_/     /_/    /_/  /_/ /_/\___/ \___//____/ /____/

A Theorem Prover for First-Order Logic modulo Linear Integer Arithmetic
(CASC 2017-07-17)

(c) Philipp R?mmer, 2009-2017
(contributions by Peter Backeman, Peter Baumgartner,
                  Angelo Brillout, Aleksandar Zeljic)
Free software under GNU Lesser General Public License (LGPL).
Bug reports to ph_r@gmx.net

For more information, visit http://www.philipp.ruemmer.org/princess.shtml

Loading /tmp/SystemOnTPTP129650/SOT_QO6qp8.tptp ...
Prover 0: Options:  +triggersInConjecture -genTotalityAxioms=ctors +tightFunctionScopes -clausifier=simple -reverseFunctionalityPropagation -boolFunsAsPreds -triggerStrategy=allUni -realRatSaturationRounds=0 -ignoreQuantifiers -constructProofs=never -generateTriggers=all -randomSeed=off
Prover 0: Preprocessing ...
Prover 0: Proving ...
Prover 1: Options:  +triggersInConjecture -genTotalityAxioms=none -tightFunctionScopes -clausifier=none -reverseFunctionalityPropagation -boolFunsAsPreds -triggerStrategy=maximal -realRatSaturationRounds=0 +ignoreQuantifiers -constructProofs=always -generateTriggers=all -randomSeed=off
Prover 1: Preprocessing ...
Prover 1: Warning: ignoring some quantifiers
Prover 1: Constructing countermodel ...
Prover 2: Options:  +triggersInConjecture -genTotalityAxioms=all -tightFunctionScopes -clausifier=simple +reverseFunctionalityPropagation +boolFunsAsPreds -triggerStrategy=allMinimalAndEmpty -realRatSaturationRounds=1 -ignoreQuantifiers -constructProofs=never -generateTriggers=all -randomSeed=off
Prover 2: Preprocessing ...
Prover 2: Proving ...
Prover 1: stopped
Prover 3: Options:  +triggersInConjecture -genTotalityAxioms=none -tightFunctionScopes -clausifier=none -reverseFunctionalityPropagation -boolFunsAsPreds -triggerStrategy=maximal -realRatSaturationRounds=1 +ignoreQuantifiers -constructProofs=never -generateTriggers=all -randomSeed=off
Prover 3: Preprocessing ...
Prover 3: Warning: ignoring some quantifiers
Prover 3: Constructing countermodel ...
Prover 2: stopped
Prover 4: Options:  +triggersInConjecture -genTotalityAxioms=none -tightFunctionScopes -clausifier=simple -reverseFunctionalityPropagation -boolFunsAsPreds -triggerStrategy=allUni -realRatSaturationRounds=0 +ignoreQuantifiers -constructProofs=always -generateTriggers=all -randomSeed=off
Prover 4: Preprocessing ...
Prover 4: Warning: ignoring some quantifiers
Prover 4: Constructing countermodel ...
% 4750 wall clock seconds gone, waiting for system output
Prover 4: stopped
Prover 5: Options:  +triggersInConjecture -genTotalityAxioms=none +tightFunctionScopes -clausifier=none +reverseFunctionalityPropagation +boolFunsAsPreds -triggerStrategy=allMaximal -realRatSaturationRounds=1 -ignoreQuantifiers -constructProofs=never -generateTriggers=complete -randomSeed=off
Prover 5: Preprocessing ...
Prover 5: Proving ...
Prover 5: stopped
Prover 6: Options:  -triggersInConjecture -genTotalityAxioms=none +tightFunctionScopes -clausifier=none +reverseFunctionalityPropagation -boolFunsAsPreds -triggerStrategy=maximalOutermost -realRatSaturationRounds=0 -ignoreQuantifiers -constructProofs=never -generateTriggers=all -randomSeed=off
Prover 6: Preprocessing ...
Prover 6: Proving ...
Prover 6: stopped
Prover 7: Options:  +triggersInConjecture -genTotalityAxioms=none +tightFunctionScopes -clausifier=simple +reverseFunctionalityPropagation +boolFunsAsPreds -triggerStrategy=allUni -realRatSaturationRounds=1 +ignoreQuantifiers -constructProofs=always -generateTriggers=all -randomSeed=off
Prover 7: Preprocessing ...
Prover 7: Warning: ignoring some quantifiers
Prover 7: Constructing countermodel ...
% 4790 wall clock seconds gone, waiting for system output
% 4800 wall clock seconds gone, waiting for system output
% 4810 wall clock seconds gone, waiting for system output
% 4820 wall clock seconds gone, waiting for system output
Prover 7: stopped
Prover 8: Options:  +triggersInConjecture -genTotalityAxioms=ctors -tightFunctionScopes -clausifier=none -reverseFunctionalityPropagation -boolFunsAsPreds -triggerStrategy=maximal -realRatSaturationRounds=0 +ignoreQuantifiers -constructProofs=always -generateTriggers=all -randomSeed=off
Prover 8: Preprocessing ...
Prover 8: Warning: ignoring some quantifiers
Prover 8: Constructing countermodel ...
% 4840 wall clock seconds gone, waiting for system output
% 4850 wall clock seconds gone, waiting for system output
% 4860 wall clock seconds gone, waiting for system output
% 4870 wall clock seconds gone, waiting for system output
% 4880 wall clock seconds gone, waiting for system output
% 4890 wall clock seconds gone, waiting for system output
% 4900 wall clock seconds gone, waiting for system output

% END OF SYSTEM OUTPUT
% RESULT: SOT_QO6qp8 - Princess---170717 says Timeout - CPU = 1022.74 WC = 212.70 
% OUTPUT: SOT_QO6qp8 - Princess---170717 says None - CPU = 0 WC = 0 
</PRE>
<PRE>
% RESULT: SOT_QO6qp8 - Satallax---3.5 says Inappropriate - CPU = 0 WC = 0 
% OUTPUT: SOT_QO6qp8 - Satallax---3.5 says None - CPU = 0 WC = 0 
</PRE>
<PRE>
% START OF SYSTEM OUTPUT
% 4920 wall clock seconds gone, waiting for system output
% 4930 wall clock seconds gone, waiting for system output
Exception in thread "main" java.lang.reflect.InvocationTargetException
	at sun.reflect.NativeMethodAccessorImpl.invoke0(Native Method)
	at sun.reflect.NativeMethodAccessorImpl.invoke(NativeMethodAccessorImpl.java:62)
	at sun.reflect.DelegatingMethodAccessorImpl.invoke(DelegatingMethodAccessorImpl.java:43)
	at java.lang.reflect.Method.invoke(Method.java:498)
	at com.simontuffs.onejar.Boot.run(Boot.java:340)
	at com.simontuffs.onejar.Boot.main(Boot.java:166)
Caused by: java.lang.Exception: Unexpected Format
	at au.aossie.scavenger.parser.TPTP.CNF$class.extractFormulas(CNF.scala:40)
	at au.aossie.scavenger.parser.TPTPCNFParser.extractFormulas(TPTPCNFParser.scala:11)
	at au.aossie.scavenger.parser.TPTP.CNF$$anonfun$1.apply(CNF.scala:31)
	at au.aossie.scavenger.parser.TPTP.CNF$$anonfun$1.apply(CNF.scala:31)
	at scala.collection.immutable.List.map(List.scala:288)
	at au.aossie.scavenger.parser.TPTP.CNF$class.generateProblem(CNF.scala:31)
	at au.aossie.scavenger.parser.TPTPCNFParser.generateProblem(TPTPCNFParser.scala:11)
	at au.aossie.scavenger.parser.TPTP.CNF$$anonfun$problemParser$1.apply(CNF.scala:28)
	at au.aossie.scavenger.parser.TPTP.CNF$$anonfun$problemParser$1.apply(CNF.scala:28)
	at scala.util.parsing.combinator.Parsers$Success.map(Parsers.scala:137)
	at scala.util.parsing.combinator.Parsers$Success.map(Parsers.scala:136)
	at scala.util.parsing.combinator.Parsers$Parser$$anonfun$map$1.apply(Parsers.scala:237)
	at scala.util.parsing.combinator.Parsers$Parser$$anonfun$map$1.apply(Parsers.scala:237)
	at scala.util.parsing.combinator.Parsers$$anon$3.apply(Parsers.scala:217)
	at scala.util.parsing.combinator.Parsers$$anon$2$$anonfun$apply$14.apply(Parsers.scala:882)
	at scala.util.parsing.combinator.Parsers$$anon$2$$anonfun$apply$14.apply(Parsers.scala:882)
	at scala.util.DynamicVariable.withValue(DynamicVariable.scala:58)
	at scala.util.parsing.combinator.Parsers$$anon$2.apply(Parsers.scala:881)
	at scala.util.parsing.combinator.PackratParsers$$anon$1.apply(PackratParsers.scala:110)
	at au.aossie.scavenger.parser.TPTP.Base$class.parse(Base.scala:73)
	at au.aossie.scavenger.parser.TPTPCNFParser.parse(TPTPCNFParser.scala:11)
	at au.aossie.scavenger.parser.TPTP.Base$class.extract(Base.scala:90)
	at au.aossie.scavenger.parser.TPTPCNFParser.extract(TPTPCNFParser.scala:11)
	at au.aossie.scavenger.parser.TPTP.CNF$class.problem(CNF.scala:52)
	at au.aossie.scavenger.parser.TPTPCNFParser.problem(TPTPCNFParser.scala:11)
	at au.aossie.scavenger.parser.TPTPCNFParser.parse(TPTPCNFParser.scala:13)
	at au.aossie.scavenger.CLI$$anonfun$main$1$$anonfun$apply$1.apply(CLI.scala:89)
	at au.aossie.scavenger.CLI$$anonfun$main$1$$anonfun$apply$1.apply(CLI.scala:83)
	at scala.collection.immutable.List.foreach(List.scala:392)
	at au.aossie.scavenger.CLI$.main(CLI.scala:81)
	at au.aossie.scavenger.CLI.main(CLI.scala)
	... 6 more
% Scavenger ended

% END OF SYSTEM OUTPUT
% RESULT: SOT_QO6qp8 - Scavenger---EP-0.2 says Unknown - CPU = 60.03 WC = 31.27 
% OUTPUT: SOT_QO6qp8 - Scavenger---EP-0.2 says None - CPU = 0 WC = 0 
</PRE>
<PRE>
% START OF SYSTEM OUTPUT
File mixes clauses and general first order formulas near line 36!

% END OF SYSTEM OUTPUT
% RESULT: SOT_QO6qp8 - SPASS---3.9 says Unknown - CPU = 0.00 WC = 0.03 
% OUTPUT: SOT_QO6qp8 - SPASS---3.9 says None - CPU = 0 WC = 0 
</PRE>
<PRE>
% RESULT: SOT_QO6qp8 - ToFoF-SAT---0.1 says Inappropriate - CPU = 0 WC = 0 
% OUTPUT: SOT_QO6qp8 - ToFoF-SAT---0.1 says None - CPU = 0 WC = 0 
</PRE>
<PRE>
% START OF SYSTEM OUTPUT
ALL single core disproving mode
% Running in auto input_syntax mode. Trying TPTP
% ott+11_3_aac=none:afr=on:afp=4000:afq=1.4:amm=off:anc=all:bs=unit_only:bsr=on:bce=on:fde=unused:irw=on:nm=64:newcnf=on:nwc=1:nicw=on:sac=on:sp=reverse_arity:uhcvi=on_31 on SOT_QO6qp8
% Time limit reached!
% ------------------------------
% Version: Vampire 4.6.1 (commit acfaa1f2c on 2022-05-08 17:32:57 +0200)
% Linked with Z3 4.8.13.0 f03d756e086f81f2596157241e0decfb1c982299 z3-4.8.4-5390-gf03d756e0
% Termination reason: Time limit
% Termination phase: Saturation

% Memory used [KB]: 81875
% Time elapsed: 4.200 s
% ------------------------------
% ------------------------------
WARNING Broken Constraint: if symbol_precedence(reverse_arity) has been set then saturation_algorithm(fmb) is equal to lrs or saturation_algorithm(fmb) is equal to otter or saturation_algorithm(fmb) is equal to discount or saturation_algorithm(fmb) is equal to inst_gen and inst_gen_with_resolution(off) is equal to on
WARNING Broken Constraint: if literal_maximality_aftercheck(on) has been set then saturation_algorithm(fmb) is equal to lrs or saturation_algorithm(fmb) is equal to otter or saturation_algorithm(fmb) is equal to discount or saturation_algorithm(fmb) is equal to inst_gen and inst_gen_with_resolution(off) is equal to on
WARNING Broken Constraint: if unit_resulting_resolution(on) has been set then saturation_algorithm(fmb) is equal to lrs or saturation_algorithm(fmb) is equal to otter or saturation_algorithm(fmb) is equal to discount or saturation_algorithm(fmb) is equal to inst_gen and inst_gen_with_resolution(off) is equal to on
WARNING Broken Constraint: if nongoal_weight_coefficient(3) has been set then saturation_algorithm(fmb) is equal to lrs or saturation_algorithm(fmb) is equal to otter or saturation_algorithm(fmb) is equal to discount or saturation_algorithm(fmb) is equal to inst_gen and inst_gen_with_resolution(off) is equal to on
WARNING Broken Constraint: if avatar(off) has been set then saturation_algorithm(fmb) is equal to lrs or saturation_algorithm(fmb) is equal to otter or saturation_algorithm(fmb) is equal to discount
% fmb+10_1_av=off:fmbsr=1.6:lma=on:nm=64:nwc=3:sp=reverse_arity:urr=on_258 on SOT_QO6qp8
% 4960 wall clock seconds gone, waiting for system output
% 4970 wall clock seconds gone, waiting for system output
% 4980 wall clock seconds gone, waiting for system output
% Time limit reached!
% ------------------------------
% Version: Vampire 4.6.1 (commit acfaa1f2c on 2022-05-08 17:32:57 +0200)
% Linked with Z3 4.8.13.0 f03d756e086f81f2596157241e0decfb1c982299 z3-4.8.4-5390-gf03d756e0
% Termination reason: Time limit
% Termination phase: Finite model building constraint generation

% Memory used [KB]: 20648491
% Time elapsed: 33.700 s
% ------------------------------
% ------------------------------
% ott-4_4_awrs=decay:awrsf=64:add=off:afr=on:afp=40000:afq=1.0:amm=off:bs=on:gs=on:gsaa=from_current:gsem=on:irw=on:lma=on:nm=64:newcnf=on:nwc=1:sac=on:sp=frequency:updr=off_36 on SOT_QO6qp8
% Time limit reached!
% ------------------------------
% Version: Vampire 4.6.1 (commit acfaa1f2c on 2022-05-08 17:32:57 +0200)
% Linked with Z3 4.8.13.0 f03d756e086f81f2596157241e0decfb1c982299 z3-4.8.4-5390-gf03d756e0
% Termination reason: Time limit
% Termination phase: Saturation

% Memory used [KB]: 57568
% Time elapsed: 4.800 s
% ------------------------------
% ------------------------------
% ott+10_128_av=off:bs=on:gsp=on:irw=on:lcm=predicate:lma=on:nm=0:nwc=1:sp=occurrence:urr=on:updr=off:uhcvi=on_231 on SOT_QO6qp8
% 5000 wall clock seconds gone, waiting for system output
% 5010 wall clock seconds gone, waiting for system output
% Time limit reached!
% ------------------------------
% Version: Vampire 4.6.1 (commit acfaa1f2c on 2022-05-08 17:32:57 +0200)
% Linked with Z3 4.8.13.0 f03d756e086f81f2596157241e0decfb1c982299 z3-4.8.4-5390-gf03d756e0
% Termination reason: Time limit
% Termination phase: Saturation

% Memory used [KB]: 785360
% Time elapsed: 30.200 s
% ------------------------------
% ------------------------------
% dis+11_1024_av=off:bd=off:bs=on:cond=on:gs=on:lma=on:nm=16:nwc=1:sp=occurrence:updr=off_169 on SOT_QO6qp8
% 5030 wall clock seconds gone, waiting for system output
% 5040 wall clock seconds gone, waiting for system output
% Time limit reached!
% ------------------------------
% Version: Vampire 4.6.1 (commit acfaa1f2c on 2022-05-08 17:32:57 +0200)
% Linked with Z3 4.8.13.0 f03d756e086f81f2596157241e0decfb1c982299 z3-4.8.4-5390-gf03d756e0
% Termination reason: Time limit
% Termination phase: Saturation

% Memory used [KB]: 728303
% Time elapsed: 22.100 s
% ------------------------------
% ------------------------------
% ott-3_5_awrs=decay:awrsf=128:afr=on:afp=40000:afq=1.0:amm=off:anc=none:bce=on:cond=fast:lma=on:nm=64:newcnf=on:nwc=1.1:sas=z3:sp=frequency:updr=off_60 on SOT_QO6qp8
% Time limit reached!
% ------------------------------
% Version: Vampire 4.6.1 (commit acfaa1f2c on 2022-05-08 17:32:57 +0200)
% Linked with Z3 4.8.13.0 f03d756e086f81f2596157241e0decfb1c982299 z3-4.8.4-5390-gf03d756e0
% Termination reason: Time limit
% Termination phase: Saturation

% Memory used [KB]: 33389
% Time elapsed: 8.0000 s
% ------------------------------
% ------------------------------
% ott+11_3:1_afp=4000:afq=2.0:amm=off:anc=none:fsr=off:gs=on:gsem=off:lma=on:nm=64:newcnf=on:nwc=1:updr=off_83 on SOT_QO6qp8
% Time limit reached!
% ------------------------------
% Version: Vampire 4.6.1 (commit acfaa1f2c on 2022-05-08 17:32:57 +0200)
% Linked with Z3 4.8.13.0 f03d756e086f81f2596157241e0decfb1c982299 z3-4.8.4-5390-gf03d756e0
% Termination reason: Time limit
% Termination phase: Saturation

% Memory used [KB]: 215049
% Time elapsed: 10.900 s
% ------------------------------
% ------------------------------
% ott+10_3:1_afp=1000:afq=2.0:anc=none:fde=none:gs=on:gsaa=full_model:irw=on:nm=64:nwc=1:sas=z3:sac=on:updr=off_68 on SOT_QO6qp8
% Time limit reached!
% ------------------------------
% Version: Vampire 4.6.1 (commit acfaa1f2c on 2022-05-08 17:32:57 +0200)
% Linked with Z3 4.8.13.0 f03d756e086f81f2596157241e0decfb1c982299 z3-4.8.4-5390-gf03d756e0
% Termination reason: Time limit
% Termination phase: Saturation

% Memory used [KB]: 99017
% Time elapsed: 9.0000 s
% ------------------------------
% ------------------------------
% dis-3_5_awrs=decay:awrsf=2:add=off:afr=on:afp=100000:afq=2.0:amm=sco:anc=none:bs=unit_only:bce=on:fsr=off:fde=none:gs=on:gsem=on:irw=on:lma=on:nm=64:nwc=1:sp=frequency:updr=off:uhcvi=on_119 on SOT_QO6qp8
% 5080 wall clock seconds gone, waiting for system output
% Time limit reached!
% ------------------------------
% Version: Vampire 4.6.1 (commit acfaa1f2c on 2022-05-08 17:32:57 +0200)
% Linked with Z3 4.8.13.0 f03d756e086f81f2596157241e0decfb1c982299 z3-4.8.4-5390-gf03d756e0
% Termination reason: Time limit
% Termination phase: Saturation

% Memory used [KB]: 515556
% Time elapsed: 15.600 s
% ------------------------------
% ------------------------------
% lrs-11_8_afr=on:afp=100000:afq=2.0:anc=none:bd=off:cond=on:gs=on:lma=on:nm=2:newcnf=on:nwc=3:stl=30:sac=on:sp=occurrence_109 on SOT_QO6qp8
% Time limit reached!
% ------------------------------
% Version: Vampire 4.6.1 (commit acfaa1f2c on 2022-05-08 17:32:57 +0200)
% Linked with Z3 4.8.13.0 f03d756e086f81f2596157241e0decfb1c982299 z3-4.8.4-5390-gf03d756e0
% Termination reason: Time limit
% Termination phase: Saturation

% Memory used [KB]: 111682
% Time elapsed: 14.300 s
% ------------------------------
% ------------------------------
% ott+4_5_add=large:afr=on:afp=40000:afq=1.1:amm=sco:bd=off:bs=unit_only:bsr=on:gs=on:lma=on:nm=64:nwc=1:sas=z3:sac=on:sp=reverse_arity_234 on SOT_QO6qp8
% 5110 wall clock seconds gone, waiting for system output
% 5120 wall clock seconds gone, waiting for system output
% Time limit reached!
% ------------------------------
% Version: Vampire 4.6.1 (commit acfaa1f2c on 2022-05-08 17:32:57 +0200)
% Linked with Z3 4.8.13.0 f03d756e086f81f2596157241e0decfb1c982299 z3-4.8.4-5390-gf03d756e0
% Termination reason: Time limit
% Termination phase: Saturation

% Memory used [KB]: 44391
% Time elapsed: 30.600 s
% ------------------------------
% ------------------------------
WARNING Broken Constraint: if avatar(off) has been set then saturation_algorithm(fmb) is equal to lrs or saturation_algorithm(fmb) is equal to otter or saturation_algorithm(fmb) is equal to discount
% fmb+10_1_av=off:bce=on:fmbes=smt:fmbsr=1.4:fde=none:ile=on:updr=off_600 on SOT_QO6qp8
% 5140 wall clock seconds gone, waiting for system output
% 5150 wall clock seconds gone, waiting for system output
% 5160 wall clock seconds gone, waiting for system output
TRYING [35]
% 5180 wall clock seconds gone, waiting for system output
% 5190 wall clock seconds gone, waiting for system output
% 5200 wall clock seconds gone, waiting for system output
% Time limit reached!
% ------------------------------
% Version: Vampire 4.6.1 (commit acfaa1f2c on 2022-05-08 17:32:57 +0200)
% Linked with Z3 4.8.13.0 f03d756e086f81f2596157241e0decfb1c982299 z3-4.8.4-5390-gf03d756e0
% Termination reason: Time limit
% Termination phase: Finite model building constraint generation

% Memory used [KB]: 34300251
% Time elapsed: 78.200 s
% ------------------------------
% ------------------------------
WARNING Broken Constraint: if avatar(off) has been set then saturation_algorithm(fmb) is equal to lrs or saturation_algorithm(fmb) is equal to otter or saturation_algorithm(fmb) is equal to discount
% fmb+10_1_av=off:bce=on:fmbsr=1.3:nm=2:newcnf=on_1200 on SOT_QO6qp8
% 5230 wall clock seconds gone, waiting for system output
% 5240 wall clock seconds gone, waiting for system output
TRYING [35]
% 5260 wall clock seconds gone, waiting for system output
% 5270 wall clock seconds gone, waiting for system output
% 5280 wall clock seconds gone, waiting for system output
% 5290 wall clock seconds gone, waiting for system output
% 5300 wall clock seconds gone, waiting for system output
% 5310 wall clock seconds gone, waiting for system output
% 5320 wall clock seconds gone, waiting for system output
% 5330 wall clock seconds gone, waiting for system output
% 5340 wall clock seconds gone, waiting for system output
% 5350 wall clock seconds gone, waiting for system output
% 5360 wall clock seconds gone, waiting for system output
% Time limit reached!
% ------------------------------
% Version: Vampire 4.6.1 (commit acfaa1f2c on 2022-05-08 17:32:57 +0200)
% Linked with Z3 4.8.13.0 f03d756e086f81f2596157241e0decfb1c982299 z3-4.8.4-5390-gf03d756e0
% Termination reason: Time limit
% Termination phase: Finite model building constraint generation

% Memory used [KB]: 56248252
% Time elapsed: 156.200 s
% ------------------------------
% ------------------------------
WARNING Broken Constraint: if avatar(off) has been set then saturation_algorithm(fmb) is equal to lrs or saturation_algorithm(fmb) is equal to otter or saturation_algorithm(fmb) is equal to discount
% fmb+10_1_av=off:fmbsr=1.1:updr=off_300 on SOT_QO6qp8
% 5390 wall clock seconds gone, waiting for system output
% 5400 wall clock seconds gone, waiting for system output
TRYING [35]
% Time limit reached!
% ------------------------------
% Version: Vampire 4.6.1 (commit acfaa1f2c on 2022-05-08 17:32:57 +0200)
% Linked with Z3 4.8.13.0 f03d756e086f81f2596157241e0decfb1c982299 z3-4.8.4-5390-gf03d756e0
% Termination reason: Time limit
% Termination phase: Finite model building constraint generation

% Memory used [KB]: 22269616
% Time elapsed: 39.200 s
% ------------------------------
% ------------------------------
WARNING Broken Constraint: if avatar(off) has been set then saturation_algorithm(fmb) is equal to lrs or saturation_algorithm(fmb) is equal to otter or saturation_algorithm(fmb) is equal to discount
% fmb+10_1_av=off:fmbsr=1.6_1200 on SOT_QO6qp8
% 5430 wall clock seconds gone, waiting for system output
TRYING [35]
% 5450 wall clock seconds gone, waiting for system output
% 5460 wall clock seconds gone, waiting for system output
% 5470 wall clock seconds gone, waiting for system output
% 5480 wall clock seconds gone, waiting for system output
% 5490 wall clock seconds gone, waiting for system output
% 5500 wall clock seconds gone, waiting for system output
% 5510 wall clock seconds gone, waiting for system output
% 5520 wall clock seconds gone, waiting for system output
% 5530 wall clock seconds gone, waiting for system output
% 5540 wall clock seconds gone, waiting for system output
% 5550 wall clock seconds gone, waiting for system output
Unsupported amount of allocated memory: 8590063000!
% ------------------------------
% Version: Vampire 4.6.1 (commit acfaa1f2c on 2022-05-08 17:32:57 +0200)
% Linked with Z3 4.8.13.0 f03d756e086f81f2596157241e0decfb1c982299 z3-4.8.4-5390-gf03d756e0
% Termination reason: Unknown
% Termination phase: Finite model building constraint generation

% Memory used [KB]: 60002477
% Time elapsed: 145.063 s
% ------------------------------
% ------------------------------
WARNING Broken Constraint: if inner_rewriting(on) has been set then saturation_algorithm(fmb) is equal to lrs or saturation_algorithm(fmb) is equal to otter or saturation_algorithm(fmb) is equal to discount or saturation_algorithm(fmb) is equal to inst_gen and inst_gen_with_resolution(off) is equal to on
WARNING Broken Constraint: if symbol_precedence(reverse_arity) has been set then saturation_algorithm(fmb) is equal to lrs or saturation_algorithm(fmb) is equal to otter or saturation_algorithm(fmb) is equal to discount or saturation_algorithm(fmb) is equal to inst_gen and inst_gen_with_resolution(off) is equal to on
WARNING Broken Constraint: if sos(all) has been set then saturation_algorithm(fmb) is equal to lrs or saturation_algorithm(fmb) is equal to otter or saturation_algorithm(fmb) is equal to discount or saturation_algorithm(fmb) is equal to inst_gen and inst_gen_with_resolution(off) is equal to on
WARNING Broken Constraint: if literal_maximality_aftercheck(on) has been set then saturation_algorithm(fmb) is equal to lrs or saturation_algorithm(fmb) is equal to otter or saturation_algorithm(fmb) is equal to discount or saturation_algorithm(fmb) is equal to inst_gen and inst_gen_with_resolution(off) is equal to on
WARNING Broken Constraint: if literal_comparison_mode(predicate) has been set then saturation_algorithm(fmb) is equal to lrs or saturation_algorithm(fmb) is equal to otter or saturation_algorithm(fmb) is equal to discount or saturation_algorithm(fmb) is equal to inst_gen and inst_gen_with_resolution(off) is equal to on
WARNING Broken Constraint: if nongoal_weight_coefficient(1.7) has been set then saturation_algorithm(fmb) is equal to lrs or saturation_algorithm(fmb) is equal to otter or saturation_algorithm(fmb) is equal to discount or saturation_algorithm(fmb) is equal to inst_gen and inst_gen_with_resolution(off) is equal to on
WARNING Broken Constraint: if avatar(off) has been set then saturation_algorithm(fmb) is equal to lrs or saturation_algorithm(fmb) is equal to otter or saturation_algorithm(fmb) is equal to discount
% fmb+10_1_av=off:fde=unused:ile=on:irw=on:lcm=predicate:lma=on:nm=16:nwc=1.7:sos=all:sp=reverse_arity_300 on SOT_QO6qp8
% 5580 wall clock seconds gone, waiting for system output
% 5590 wall clock seconds gone, waiting for system output
TRYING [35]
% Time limit reached!
% ------------------------------
% Version: Vampire 4.6.1 (commit acfaa1f2c on 2022-05-08 17:32:57 +0200)
% Linked with Z3 4.8.13.0 f03d756e086f81f2596157241e0decfb1c982299 z3-4.8.4-5390-gf03d756e0
% Termination reason: Time limit
% Termination phase: Finite model building constraint generation

% Memory used [KB]: 27553879
% Time elapsed: 39.200 s
% ------------------------------
% ------------------------------
WARNING Broken Constraint: if avatar(off) has been set then saturation_algorithm(fmb) is equal to lrs or saturation_algorithm(fmb) is equal to otter or saturation_algorithm(fmb) is equal to discount
% fmb+10_1_av=off:fmbsr=1.5:updr=off_300 on SOT_QO6qp8
% 5620 wall clock seconds gone, waiting for system output
% 5630 wall clock seconds gone, waiting for system output
TRYING [35]
% Time limit reached!
% ------------------------------
% Version: Vampire 4.6.1 (commit acfaa1f2c on 2022-05-08 17:32:57 +0200)
% Linked with Z3 4.8.13.0 f03d756e086f81f2596157241e0decfb1c982299 z3-4.8.4-5390-gf03d756e0
% Termination reason: Time limit
% Termination phase: Finite model building constraint generation

% Memory used [KB]: 22714171
% Time elapsed: 39.200 s
% ------------------------------
% ------------------------------
% lrs+11_6_aac=none:add=off:afp=100000:afq=1.1:amm=off:anc=none:bd=off:fsr=off:gs=on:gsem=off:nwc=1:sas=z3:sp=occurrence_300 on SOT_QO6qp8
% 5660 wall clock seconds gone, waiting for system output
% 5670 wall clock seconds gone, waiting for system output
% 5680 wall clock seconds gone, waiting for system output
% Time limit reached!
% ------------------------------
% Version: Vampire 4.6.1 (commit acfaa1f2c on 2022-05-08 17:32:57 +0200)
% Linked with Z3 4.8.13.0 f03d756e086f81f2596157241e0decfb1c982299 z3-4.8.4-5390-gf03d756e0
% Termination reason: Time limit
% Termination phase: Saturation

% Memory used [KB]: 34668
% Time elapsed: 39.200 s
% ------------------------------
% ------------------------------
WARNING Broken Constraint: if avatar(off) has been set then saturation_algorithm(fmb) is equal to lrs or saturation_algorithm(fmb) is equal to otter or saturation_algorithm(fmb) is equal to discount
% fmb+10_1_av=off:fmbsr=1.4_300 on SOT_QO6qp8
% 5700 wall clock seconds gone, waiting for system output
TRYING [35]
% 5720 wall clock seconds gone, waiting for system output
% Time limit reached!
% ------------------------------
% Version: Vampire 4.6.1 (commit acfaa1f2c on 2022-05-08 17:32:57 +0200)
% Linked with Z3 4.8.13.0 f03d756e086f81f2596157241e0decfb1c982299 z3-4.8.4-5390-gf03d756e0
% Termination reason: Time limit
% Termination phase: Finite model building constraint generation

% Memory used [KB]: 26608607
% Time elapsed: 39.200 s
% ------------------------------
% ------------------------------
% dis+11_5_add=large:afr=on:afp=1000:afq=1.0:anc=none:bsr=on:fsr=off:nm=64:newcnf=on:nwc=1:updr=off_300 on SOT_QO6qp8
% 5740 wall clock seconds gone, waiting for system output
% 5750 wall clock seconds gone, waiting for system output
% 5760 wall clock seconds gone, waiting for system output
% Time limit reached!
% ------------------------------
% Version: Vampire 4.6.1 (commit acfaa1f2c on 2022-05-08 17:32:57 +0200)
% Linked with Z3 4.8.13.0 f03d756e086f81f2596157241e0decfb1c982299 z3-4.8.4-5390-gf03d756e0
% Termination reason: Time limit
% Termination phase: Saturation

% Memory used [KB]: 244473
% Time elapsed: 39.200 s
% ------------------------------
% ------------------------------
% ott+11_3:1_afp=4000:afq=2.0:amm=off:anc=none:fsr=off:gs=on:gsem=off:lma=on:nm=64:newcnf=on:nwc=1:updr=off_300 on SOT_QO6qp8
% 5780 wall clock seconds gone, waiting for system output
% 5790 wall clock seconds gone, waiting for system output
% 5800 wall clock seconds gone, waiting for system output
% Time limit reached!
% ------------------------------
% Version: Vampire 4.6.1 (commit acfaa1f2c on 2022-05-08 17:32:57 +0200)
% Linked with Z3 4.8.13.0 f03d756e086f81f2596157241e0decfb1c982299 z3-4.8.4-5390-gf03d756e0
% Termination reason: Time limit
% Termination phase: Saturation

% Memory used [KB]: 583487
% Time elapsed: 39.200 s
% ------------------------------
% ------------------------------
% dis+4_7_aac=none:afr=on:anc=none:bd=preordered:bce=on:cond=fast:fsr=off:fde=unused:gs=on:gsaa=full_model:gsem=off:irw=on:lma=on:nwc=1:nicw=on:sas=z3:sac=on:sp=reverse_arity:uhcvi=on_300 on SOT_QO6qp8
% 5820 wall clock seconds gone, waiting for system output
% 5830 wall clock seconds gone, waiting for system output
% 5840 wall clock seconds gone, waiting for system output
% Time limit reached!
% ------------------------------
% Version: Vampire 4.6.1 (commit acfaa1f2c on 2022-05-08 17:32:57 +0200)
% Linked with Z3 4.8.13.0 f03d756e086f81f2596157241e0decfb1c982299 z3-4.8.4-5390-gf03d756e0
% Termination reason: Time limit
% Termination phase: Saturation

% Memory used [KB]: 66267
% Time elapsed: 39.200 s
% ------------------------------
% ------------------------------
WARNING Broken Constraint: if avatar(off) has been set then saturation_algorithm(fmb) is equal to lrs or saturation_algorithm(fmb) is equal to otter or saturation_algorithm(fmb) is equal to discount
% fmb+10_1_av=off:fmbes=contour:fmbsr=1.6:ile=on:nm=64:updr=off_600 on SOT_QO6qp8
% 5860 wall clock seconds gone, waiting for system output
% 5870 wall clock seconds gone, waiting for system output
TRYING [35]
% 5890 wall clock seconds gone, waiting for system output
% 5900 wall clock seconds gone, waiting for system output
External time out (SIGXCPU) on /tmp/pcPpbAdUg8/SOT_QO6qp8
External time out (SIGXCPU) on /tmp/pcPpbAdUg8/SOT_QO6qp8

% END OF SYSTEM OUTPUT
% RESULT: SOT_QO6qp8 - Vampire-SAT---4.6.1 says Timeout - CPU = 1000.49 WC = 963.19 
% OUTPUT: SOT_QO6qp8 - Vampire-SAT---4.6.1 says None - CPU = 0 WC = 0 
</PRE>
<PRE>
% START OF SYSTEM OUTPUT
Z3tptp [4.8.9.0] (c) 2006-20**. Microsoft Corp.
Usage: tptp [options] [-file:]file
  -h, -?       prints this message.
  -smt2        print SMT-LIB2 benchmark.
  -m, -model   generate model.
  -p, -proof   generate proof.
  -c, -core    generate unsat core of named formulas.
  -st, -statistics display statistics.
  -t:timeout   set timeout (in second).
  -smt2status  display status in smt2 format instead of SZS.
  -check_status check the status produced by Z3 against annotation in benchmark.
  -&lt;param&gt;:&lt;value&gt; configuration parameter and value.
  -o:&lt;output-file&gt; file to place output in.
% 5920 wall clock seconds gone, waiting for system output
% 5930 wall clock seconds gone, waiting for system output
% 5940 wall clock seconds gone, waiting for system output
% 5950 wall clock seconds gone, waiting for system output
% 5960 wall clock seconds gone, waiting for system output
% 5970 wall clock seconds gone, waiting for system output
% 5980 wall clock seconds gone, waiting for system output
% 5990 wall clock seconds gone, waiting for system output
% 6000 wall clock seconds gone, waiting for system output
% 6010 wall clock seconds gone, waiting for system output
% 6020 wall clock seconds gone, waiting for system output
% 6030 wall clock seconds gone, waiting for system output
% 6040 wall clock seconds gone, waiting for system output
% 6050 wall clock seconds gone, waiting for system output
% 6060 wall clock seconds gone, waiting for system output
% 6070 wall clock seconds gone, waiting for system output
% 6080 wall clock seconds gone, waiting for system output
% 6090 wall clock seconds gone, waiting for system output
% 6100 wall clock seconds gone, waiting for system output
% 6110 wall clock seconds gone, waiting for system output
% 6120 wall clock seconds gone, waiting for system output
% 6130 wall clock seconds gone, waiting for system output
% 6140 wall clock seconds gone, waiting for system output
% 6150 wall clock seconds gone, waiting for system output
% 6160 wall clock seconds gone, waiting for system output
% 6170 wall clock seconds gone, waiting for system output
% 6180 wall clock seconds gone, waiting for system output
% 6190 wall clock seconds gone, waiting for system output
% 6200 wall clock seconds gone, waiting for system output
% 6210 wall clock seconds gone, waiting for system output
% 6220 wall clock seconds gone, waiting for system output
% 6230 wall clock seconds gone, waiting for system output
% 6240 wall clock seconds gone, waiting for system output
% 6250 wall clock seconds gone, waiting for system output
% 6260 wall clock seconds gone, waiting for system output
% 6270 wall clock seconds gone, waiting for system output
% 6280 wall clock seconds gone, waiting for system output
% 6290 wall clock seconds gone, waiting for system output
% 6300 wall clock seconds gone, waiting for system output
% 6310 wall clock seconds gone, waiting for system output
% 6320 wall clock seconds gone, waiting for system output
% 6330 wall clock seconds gone, waiting for system output
% 6340 wall clock seconds gone, waiting for system output
% 6350 wall clock seconds gone, waiting for system output
% 6360 wall clock seconds gone, waiting for system output
% 6370 wall clock seconds gone, waiting for system output
% 6380 wall clock seconds gone, waiting for system output
% 6390 wall clock seconds gone, waiting for system output
% 6400 wall clock seconds gone, waiting for system output
% 6410 wall clock seconds gone, waiting for system output
% 6420 wall clock seconds gone, waiting for system output
% 6430 wall clock seconds gone, waiting for system output
% 6440 wall clock seconds gone, waiting for system output
% 6450 wall clock seconds gone, waiting for system output
% 6460 wall clock seconds gone, waiting for system output
% 6470 wall clock seconds gone, waiting for system output
% 6480 wall clock seconds gone, waiting for system output

% END OF SYSTEM OUTPUT
% RESULT: SOT_QO6qp8 - Z3---4.8.9.0 says Timeout - CPU = 1002.67 WC = 577.35 
% OUTPUT: SOT_QO6qp8 - Z3---4.8.9.0 says None - CPU = 0 WC = 0 
</PRE>

</body>
</html>