% Running in auto input_syntax mode. Trying TPTP
% ott+11_3_aac=none:afr=on:afp=4000:afq=1.4:amm=off:anc=all:bs=unit_only:bsr=on:bce=on:fde=unused:irw=on:nm=64:newcnf=on:nwc=1:nicw=on:sac=on:sp=reverse_arity:uhcvi=on_31 on a118f121590f3418853f33e87bff6563
88392 Aborted by signal SIGINT on in/a118f121590f3418853f33e87bff6563.in
% ------------------------------
% Version: Vampire 4.6.1 (commit f9f55dfef on 2022-05-23 20:23:06 +0200)
% Termination reason: Unknown
% Termination phase: Saturation

% Memory used [KB]: 78420
% Time elapsed: 3.179 s
% ------------------------------
% ------------------------------
88391 Aborted by signal SIGINT on in/a118f121590f3418853f33e87bff6563.in
% ------------------------------
% Version: Vampire 4.6.1 (commit f9f55dfef on 2022-05-23 20:23:06 +0200)
% Termination reason: Unknown
% Termination phase: Unknown

% Memory used [KB]: 1407
% Time elapsed: 3.219 s
% ------------------------------
% ------------------------------
