% Running in auto input_syntax mode. Trying TPTP
% ott+11_3_aac=none:afr=on:afp=4000:afq=1.4:amm=off:anc=all:bs=unit_only:bsr=on:bce=on:fde=unused:irw=on:nm=64:newcnf=on:nwc=1:nicw=on:sac=on:sp=reverse_arity:uhcvi=on_31 on 39e3fdab1f085bdf64180f378328495c
% Time limit reached!
% ------------------------------
% Version: Vampire 4.6.1 (commit f9f55dfef on 2022-05-23 20:23:06 +0200)
% Termination reason: Time limit
% Termination phase: Saturation

% Memory used [KB]: 110019
% Time elapsed: 4.200 s
% ------------------------------
% ------------------------------
WARNING Broken Constraint: if symbol_precedence(reverse_arity) has been set then saturation_algorithm(fmb) is equal to lrs or saturation_algorithm(fmb) is equal to otter or saturation_algorithm(fmb) is equal to discount or saturation_algorithm(fmb) is equal to inst_gen and inst_gen_with_resolution(off) is equal to on
WARNING Broken Constraint: if literal_maximality_aftercheck(on) has been set then saturation_algorithm(fmb) is equal to lrs or saturation_algorithm(fmb) is equal to otter or saturation_algorithm(fmb) is equal to discount or saturation_algorithm(fmb) is equal to inst_gen and inst_gen_with_resolution(off) is equal to on
WARNING Broken Constraint: if unit_resulting_resolution(on) has been set then saturation_algorithm(fmb) is equal to lrs or saturation_algorithm(fmb) is equal to otter or saturation_algorithm(fmb) is equal to discount or saturation_algorithm(fmb) is equal to inst_gen and inst_gen_with_resolution(off) is equal to on
WARNING Broken Constraint: if nongoal_weight_coefficient(3) has been set then saturation_algorithm(fmb) is equal to lrs or saturation_algorithm(fmb) is equal to otter or saturation_algorithm(fmb) is equal to discount or saturation_algorithm(fmb) is equal to inst_gen and inst_gen_with_resolution(off) is equal to on
WARNING Broken Constraint: if avatar(off) has been set then saturation_algorithm(fmb) is equal to lrs or saturation_algorithm(fmb) is equal to otter or saturation_algorithm(fmb) is equal to discount
% fmb+10_1_av=off:fmbsr=1.6:lma=on:nm=64:nwc=3:sp=reverse_arity:urr=on_258 on 39e3fdab1f085bdf64180f378328495c
TRYING [35]
% Time limit reached!
% ------------------------------
% Version: Vampire 4.6.1 (commit f9f55dfef on 2022-05-23 20:23:06 +0200)
% Termination reason: Time limit

% Memory used [KB]: 25379458
% Time elapsed: 35.817 s
% ------------------------------
% ------------------------------
% ott-4_4_awrs=decay:awrsf=64:add=off:afr=on:afp=40000:afq=1.0:amm=off:bs=on:gs=on:gsaa=from_current:gsem=on:irw=on:lma=on:nm=64:newcnf=on:nwc=1:sac=on:sp=frequency:updr=off_36 on 39e3fdab1f085bdf64180f378328495c
% Time limit reached!
% ------------------------------
% Version: Vampire 4.6.1 (commit f9f55dfef on 2022-05-23 20:23:06 +0200)
% Termination reason: Time limit
% Termination phase: Saturation

% Memory used [KB]: 61150
% Time elapsed: 4.800 s
% ------------------------------
% ------------------------------
% ott+10_128_av=off:bs=on:gsp=on:irw=on:lcm=predicate:lma=on:nm=0:nwc=1:sp=occurrence:urr=on:updr=off:uhcvi=on_231 on 39e3fdab1f085bdf64180f378328495c
% Time limit reached!
% ------------------------------
% Version: Vampire 4.6.1 (commit f9f55dfef on 2022-05-23 20:23:06 +0200)
% Termination reason: Time limit
% Termination phase: Saturation

% Memory used [KB]: 538456
% Time elapsed: 14.100 s
% ------------------------------
% ------------------------------
% Proof not found in time 60.058 s
% SZS status Timeout for 39e3fdab1f085bdf64180f378328495c
